2020-11-18 09:51:39.230  INFO 35422 --- [http-nio-8080-exec-2] o.a.c.c.C.[Tomcat].[localhost].[/]       : Initializing Spring DispatcherServlet 'dispatcherServlet'
2020-11-18 09:51:39.242  INFO 35422 --- [http-nio-8080-exec-2] o.s.web.servlet.DispatcherServlet        : Initializing Servlet 'dispatcherServlet'
2020-11-18 09:51:39.273  INFO 35422 --- [http-nio-8080-exec-2] o.s.web.servlet.DispatcherServlet        : Completed initialization in 30 ms
2020-11-18 09:51:41.744  INFO 35422 --- [http-nio-8080-exec-7] com.alibaba.druid.pool.DruidDataSource   : {dataSource-1} inited
2020-11-18 09:51:41.951 DEBUG 35422 --- [http-nio-8080-exec-7] c.i.j.d.F.selectBySelective_COUNT        : ==>  Preparing: SELECT count(0) FROM FRIEND 
2020-11-18 09:51:41.974 DEBUG 35422 --- [http-nio-8080-exec-7] c.i.j.d.F.selectBySelective_COUNT        : ==> Parameters: 
2020-11-18 09:51:42.014 DEBUG 35422 --- [http-nio-8080-exec-7] c.i.j.d.F.selectBySelective_COUNT        : <==      Total: 1
2020-11-18 09:51:42.018 DEBUG 35422 --- [http-nio-8080-exec-7] c.i.j.d.FriendMapper.selectBySelective   : ==>  Preparing: select * from FRIEND LIMIT ? 
2020-11-18 09:51:42.018 DEBUG 35422 --- [http-nio-8080-exec-7] c.i.j.d.FriendMapper.selectBySelective   : ==> Parameters: 10(Integer)
2020-11-18 09:51:42.023 DEBUG 35422 --- [http-nio-8080-exec-7] c.i.j.d.FriendMapper.selectBySelective   : <==      Total: 4
2020-11-18 10:58:36.676  INFO 35422 --- [Thread-8] o.s.s.concurrent.ThreadPoolTaskExecutor  : Shutting down ExecutorService 'applicationTaskExecutor'
2020-11-18 10:58:36.676  INFO 35422 --- [Thread-8] com.alibaba.druid.pool.DruidDataSource   : {dataSource-1} closing ...
2020-11-18 10:58:36.677  INFO 35422 --- [Thread-8] com.alibaba.druid.pool.DruidDataSource   : {dataSource-1} closed
2020-11-18 10:58:49.614  INFO 36894 --- [restartedMain] corn.ironman.jay.JayApplication          : Starting JayApplication on ironmans-MBP.lan with PID 36894 (/Users/xx/IdeaProjects/jay/target/classes started by xx in /Users/xx/IdeaProjects/jay)
2020-11-18 10:58:49.615 DEBUG 36894 --- [restartedMain] corn.ironman.jay.JayApplication          : Running with Spring Boot v2.1.6.RELEASE, Spring v5.1.8.RELEASE
2020-11-18 10:58:49.616  INFO 36894 --- [restartedMain] corn.ironman.jay.JayApplication          : No active profile set, falling back to default profiles: default
2020-11-18 10:58:49.651  INFO 36894 --- [restartedMain] .e.DevToolsPropertyDefaultsPostProcessor : Devtools property defaults active! Set 'spring.devtools.add-properties' to 'false' to disable
2020-11-18 10:58:49.652  INFO 36894 --- [restartedMain] .e.DevToolsPropertyDefaultsPostProcessor : For additional web related logging consider setting the 'logging.level.web' property to 'DEBUG'
2020-11-18 10:58:50.694  INFO 36894 --- [restartedMain] o.s.b.w.embedded.tomcat.TomcatWebServer  : Tomcat initialized with port(s): 8080 (http)
2020-11-18 10:58:50.714  INFO 36894 --- [restartedMain] o.apache.catalina.core.StandardService   : Starting service [Tomcat]
2020-11-18 10:58:50.715  INFO 36894 --- [restartedMain] org.apache.catalina.core.StandardEngine  : Starting Servlet engine: [Apache Tomcat/9.0.21]
2020-11-18 10:58:50.776  INFO 36894 --- [restartedMain] o.a.c.c.C.[Tomcat].[localhost].[/]       : Initializing Spring embedded WebApplicationContext
2020-11-18 10:58:50.776  INFO 36894 --- [restartedMain] o.s.web.context.ContextLoader            : Root WebApplicationContext: initialization completed in 1124 ms
2020-11-18 10:58:50.817  INFO 36894 --- [restartedMain] f.a.AutowiredAnnotationBeanPostProcessor : Autowired annotation should only be used on methods with parameters: public void corn.ironman.jay.Service.impl.FriendServiceImpl.setBaseMapper()
2020-11-18 10:58:51.271  INFO 36894 --- [restartedMain] o.s.s.concurrent.ThreadPoolTaskExecutor  : Initializing ExecutorService 'applicationTaskExecutor'
2020-11-18 10:58:51.548  INFO 36894 --- [restartedMain] o.s.b.d.a.OptionalLiveReloadServer       : LiveReload server is running on port 35729
2020-11-18 10:58:51.618  INFO 36894 --- [restartedMain] o.s.b.w.embedded.tomcat.TomcatWebServer  : Tomcat started on port(s): 8080 (http) with context path ''
2020-11-18 10:58:51.623  INFO 36894 --- [restartedMain] corn.ironman.jay.JayApplication          : Started JayApplication in 2.223 seconds (JVM running for 2.787)
2020-11-18 10:58:56.338  INFO 36894 --- [http-nio-8080-exec-1] o.a.c.c.C.[Tomcat].[localhost].[/]       : Initializing Spring DispatcherServlet 'dispatcherServlet'
2020-11-18 10:58:56.338  INFO 36894 --- [http-nio-8080-exec-1] o.s.web.servlet.DispatcherServlet        : Initializing Servlet 'dispatcherServlet'
2020-11-18 10:58:56.346  INFO 36894 --- [http-nio-8080-exec-1] o.s.web.servlet.DispatcherServlet        : Completed initialization in 8 ms
2020-11-18 10:58:58.026  INFO 36894 --- [http-nio-8080-exec-5] com.alibaba.druid.pool.DruidDataSource   : {dataSource-1} inited
2020-11-18 10:58:58.175 DEBUG 36894 --- [http-nio-8080-exec-5] c.i.j.d.F.selectBySelective_COUNT        : ==>  Preparing: SELECT count(0) FROM FRIEND 
2020-11-18 10:58:58.196 DEBUG 36894 --- [http-nio-8080-exec-5] c.i.j.d.F.selectBySelective_COUNT        : ==> Parameters: 
2020-11-18 10:58:58.215 DEBUG 36894 --- [http-nio-8080-exec-5] c.i.j.d.F.selectBySelective_COUNT        : <==      Total: 1
2020-11-18 10:58:58.219 DEBUG 36894 --- [http-nio-8080-exec-5] c.i.j.d.FriendMapper.selectBySelective   : ==>  Preparing: select * from FRIEND LIMIT ? 
2020-11-18 10:58:58.219 DEBUG 36894 --- [http-nio-8080-exec-5] c.i.j.d.FriendMapper.selectBySelective   : ==> Parameters: 10(Integer)
2020-11-18 10:58:58.222 DEBUG 36894 --- [http-nio-8080-exec-5] c.i.j.d.FriendMapper.selectBySelective   : <==      Total: 4
2020-11-18 10:59:07.218  INFO 36894 --- [Thread-5] o.s.s.concurrent.ThreadPoolTaskExecutor  : Shutting down ExecutorService 'applicationTaskExecutor'
2020-11-18 10:59:07.219  INFO 36894 --- [Thread-5] com.alibaba.druid.pool.DruidDataSource   : {dataSource-1} closing ...
2020-11-18 10:59:07.221  INFO 36894 --- [Thread-5] com.alibaba.druid.pool.DruidDataSource   : {dataSource-1} closed
2020-11-18 10:59:08.432  INFO 36894 --- [restartedMain] corn.ironman.jay.JayApplication          : Starting JayApplication on ironmans-MBP.lan with PID 36894 (/Users/xx/IdeaProjects/jay/target/classes started by xx in /Users/xx/IdeaProjects/jay)
2020-11-18 10:59:08.433 DEBUG 36894 --- [restartedMain] corn.ironman.jay.JayApplication          : Running with Spring Boot v2.1.6.RELEASE, Spring v5.1.8.RELEASE
2020-11-18 10:59:08.433  INFO 36894 --- [restartedMain] corn.ironman.jay.JayApplication          : No active profile set, falling back to default profiles: default
2020-11-18 10:59:08.618  INFO 36894 --- [restartedMain] o.s.b.w.embedded.tomcat.TomcatWebServer  : Tomcat initialized with port(s): 8080 (http)
2020-11-18 10:59:08.619  INFO 36894 --- [restartedMain] o.apache.catalina.core.StandardService   : Starting service [Tomcat]
2020-11-18 10:59:08.619  INFO 36894 --- [restartedMain] org.apache.catalina.core.StandardEngine  : Starting Servlet engine: [Apache Tomcat/9.0.21]
2020-11-18 10:59:08.628  INFO 36894 --- [restartedMain] o.a.c.c.C.[Tomcat].[localhost].[/]       : Initializing Spring embedded WebApplicationContext
2020-11-18 10:59:08.628  INFO 36894 --- [restartedMain] o.s.web.context.ContextLoader            : Root WebApplicationContext: initialization completed in 194 ms
2020-11-18 10:59:08.640  INFO 36894 --- [restartedMain] f.a.AutowiredAnnotationBeanPostProcessor : Autowired annotation should only be used on methods with parameters: public void corn.ironman.jay.Service.impl.FriendServiceImpl.setBaseMapper()
2020-11-18 10:59:08.742  INFO 36894 --- [restartedMain] o.s.s.concurrent.ThreadPoolTaskExecutor  : Initializing ExecutorService 'applicationTaskExecutor'
2020-11-18 10:59:08.804  INFO 36894 --- [restartedMain] o.s.b.d.a.OptionalLiveReloadServer       : LiveReload server is running on port 35729
2020-11-18 10:59:08.822  INFO 36894 --- [restartedMain] o.s.b.w.embedded.tomcat.TomcatWebServer  : Tomcat started on port(s): 8080 (http) with context path ''
2020-11-18 10:59:08.823  INFO 36894 --- [restartedMain] corn.ironman.jay.JayApplication          : Started JayApplication in 0.414 seconds (JVM running for 19.992)
2020-11-18 10:59:08.825  INFO 36894 --- [restartedMain] .ConditionEvaluationDeltaLoggingListener : Condition evaluation unchanged
2020-11-18 10:59:24.436  INFO 36894 --- [Thread-9] o.s.s.concurrent.ThreadPoolTaskExecutor  : Shutting down ExecutorService 'applicationTaskExecutor'
2020-11-18 10:59:24.437  INFO 36894 --- [Thread-9] com.alibaba.druid.pool.DruidDataSource   : {dataSource-0} closing ...
2020-11-18 10:59:25.633  INFO 36894 --- [restartedMain] corn.ironman.jay.JayApplication          : Starting JayApplication on ironmans-MBP.lan with PID 36894 (/Users/xx/IdeaProjects/jay/target/classes started by xx in /Users/xx/IdeaProjects/jay)
2020-11-18 10:59:25.633 DEBUG 36894 --- [restartedMain] corn.ironman.jay.JayApplication          : Running with Spring Boot v2.1.6.RELEASE, Spring v5.1.8.RELEASE
2020-11-18 10:59:25.633  INFO 36894 --- [restartedMain] corn.ironman.jay.JayApplication          : No active profile set, falling back to default profiles: default
2020-11-18 10:59:25.893  INFO 36894 --- [restartedMain] o.s.b.w.embedded.tomcat.TomcatWebServer  : Tomcat initialized with port(s): 8080 (http)
2020-11-18 10:59:25.894  INFO 36894 --- [restartedMain] o.apache.catalina.core.StandardService   : Starting service [Tomcat]
2020-11-18 10:59:25.894  INFO 36894 --- [restartedMain] org.apache.catalina.core.StandardEngine  : Starting Servlet engine: [Apache Tomcat/9.0.21]
2020-11-18 10:59:25.904  INFO 36894 --- [restartedMain] o.a.c.c.C.[Tomcat].[localhost].[/]       : Initializing Spring embedded WebApplicationContext
2020-11-18 10:59:25.904  INFO 36894 --- [restartedMain] o.s.web.context.ContextLoader            : Root WebApplicationContext: initialization completed in 269 ms
2020-11-18 10:59:25.916  INFO 36894 --- [restartedMain] f.a.AutowiredAnnotationBeanPostProcessor : Autowired annotation should only be used on methods with parameters: public void corn.ironman.jay.Service.impl.FriendServiceImpl.setBaseMapper()
2020-11-18 10:59:26.011  INFO 36894 --- [restartedMain] o.s.s.concurrent.ThreadPoolTaskExecutor  : Initializing ExecutorService 'applicationTaskExecutor'
2020-11-18 10:59:26.081  INFO 36894 --- [restartedMain] o.s.b.d.a.OptionalLiveReloadServer       : LiveReload server is running on port 35729
2020-11-18 10:59:26.096  INFO 36894 --- [restartedMain] o.s.b.w.embedded.tomcat.TomcatWebServer  : Tomcat started on port(s): 8080 (http) with context path ''
2020-11-18 10:59:26.097  INFO 36894 --- [restartedMain] corn.ironman.jay.JayApplication          : Started JayApplication in 0.493 seconds (JVM running for 37.267)
2020-11-18 10:59:26.098  INFO 36894 --- [restartedMain] .ConditionEvaluationDeltaLoggingListener : Condition evaluation unchanged
2020-11-18 10:59:43.140  INFO 36894 --- [Thread-15] o.s.s.concurrent.ThreadPoolTaskExecutor  : Shutting down ExecutorService 'applicationTaskExecutor'
2020-11-18 10:59:43.141  INFO 36894 --- [Thread-15] com.alibaba.druid.pool.DruidDataSource   : {dataSource-0} closing ...
2020-11-18 10:59:44.340  INFO 36894 --- [restartedMain] corn.ironman.jay.JayApplication          : Starting JayApplication on ironmans-MBP.lan with PID 36894 (/Users/xx/IdeaProjects/jay/target/classes started by xx in /Users/xx/IdeaProjects/jay)
2020-11-18 10:59:44.340 DEBUG 36894 --- [restartedMain] corn.ironman.jay.JayApplication          : Running with Spring Boot v2.1.6.RELEASE, Spring v5.1.8.RELEASE
2020-11-18 10:59:44.340  INFO 36894 --- [restartedMain] corn.ironman.jay.JayApplication          : No active profile set, falling back to default profiles: default
2020-11-18 10:59:44.482  INFO 36894 --- [restartedMain] o.s.b.w.embedded.tomcat.TomcatWebServer  : Tomcat initialized with port(s): 8080 (http)
2020-11-18 10:59:44.483  INFO 36894 --- [restartedMain] o.apache.catalina.core.StandardService   : Starting service [Tomcat]
2020-11-18 10:59:44.483  INFO 36894 --- [restartedMain] org.apache.catalina.core.StandardEngine  : Starting Servlet engine: [Apache Tomcat/9.0.21]
2020-11-18 10:59:44.491  INFO 36894 --- [restartedMain] o.a.c.c.C.[Tomcat].[localhost].[/]       : Initializing Spring embedded WebApplicationContext
2020-11-18 10:59:44.491  INFO 36894 --- [restartedMain] o.s.web.context.ContextLoader            : Root WebApplicationContext: initialization completed in 150 ms
2020-11-18 10:59:44.501  INFO 36894 --- [restartedMain] f.a.AutowiredAnnotationBeanPostProcessor : Autowired annotation should only be used on methods with parameters: public void corn.ironman.jay.Service.impl.FriendServiceImpl.setBaseMapper()
2020-11-18 10:59:44.595  INFO 36894 --- [restartedMain] o.s.s.concurrent.ThreadPoolTaskExecutor  : Initializing ExecutorService 'applicationTaskExecutor'
2020-11-18 10:59:44.679  INFO 36894 --- [restartedMain] o.s.b.d.a.OptionalLiveReloadServer       : LiveReload server is running on port 35729
2020-11-18 10:59:44.701  INFO 36894 --- [restartedMain] o.s.b.w.embedded.tomcat.TomcatWebServer  : Tomcat started on port(s): 8080 (http) with context path ''
2020-11-18 10:59:44.702  INFO 36894 --- [restartedMain] corn.ironman.jay.JayApplication          : Started JayApplication in 0.384 seconds (JVM running for 55.872)
2020-11-18 10:59:44.704  INFO 36894 --- [restartedMain] .ConditionEvaluationDeltaLoggingListener : Condition evaluation unchanged
2020-11-18 11:00:06.901  INFO 36894 --- [Thread-26] o.s.s.concurrent.ThreadPoolTaskExecutor  : Shutting down ExecutorService 'applicationTaskExecutor'
2020-11-18 11:00:06.902  INFO 36894 --- [Thread-26] com.alibaba.druid.pool.DruidDataSource   : {dataSource-0} closing ...
2020-11-18 11:00:17.563  INFO 36994 --- [restartedMain] corn.ironman.jay.JayApplication          : Starting JayApplication on ironmans-MBP.lan with PID 36994 (/Users/xx/IdeaProjects/jay/target/classes started by xx in /Users/xx/IdeaProjects/jay)
2020-11-18 11:00:17.565 DEBUG 36994 --- [restartedMain] corn.ironman.jay.JayApplication          : Running with Spring Boot v2.1.6.RELEASE, Spring v5.1.8.RELEASE
2020-11-18 11:00:17.566  INFO 36994 --- [restartedMain] corn.ironman.jay.JayApplication          : No active profile set, falling back to default profiles: default
2020-11-18 11:00:17.619  INFO 36994 --- [restartedMain] .e.DevToolsPropertyDefaultsPostProcessor : Devtools property defaults active! Set 'spring.devtools.add-properties' to 'false' to disable
2020-11-18 11:00:17.620  INFO 36994 --- [restartedMain] .e.DevToolsPropertyDefaultsPostProcessor : For additional web related logging consider setting the 'logging.level.web' property to 'DEBUG'
2020-11-18 11:00:18.606  INFO 36994 --- [restartedMain] o.s.b.w.embedded.tomcat.TomcatWebServer  : Tomcat initialized with port(s): 8080 (http)
2020-11-18 11:00:18.624  INFO 36994 --- [restartedMain] o.apache.catalina.core.StandardService   : Starting service [Tomcat]
2020-11-18 11:00:18.625  INFO 36994 --- [restartedMain] org.apache.catalina.core.StandardEngine  : Starting Servlet engine: [Apache Tomcat/9.0.21]
2020-11-18 11:00:18.690  INFO 36994 --- [restartedMain] o.a.c.c.C.[Tomcat].[localhost].[/]       : Initializing Spring embedded WebApplicationContext
2020-11-18 11:00:18.690  INFO 36994 --- [restartedMain] o.s.web.context.ContextLoader            : Root WebApplicationContext: initialization completed in 1070 ms
2020-11-18 11:00:18.734  INFO 36994 --- [restartedMain] f.a.AutowiredAnnotationBeanPostProcessor : Autowired annotation should only be used on methods with parameters: public void corn.ironman.jay.Service.impl.FriendServiceImpl.setBaseMapper()
2020-11-18 11:00:19.048  INFO 36994 --- [restartedMain] o.s.s.concurrent.ThreadPoolTaskExecutor  : Initializing ExecutorService 'applicationTaskExecutor'
2020-11-18 11:00:19.292  INFO 36994 --- [restartedMain] o.s.b.d.a.OptionalLiveReloadServer       : LiveReload server is running on port 35729
2020-11-18 11:00:19.334  INFO 36994 --- [restartedMain] o.s.b.w.embedded.tomcat.TomcatWebServer  : Tomcat started on port(s): 8080 (http) with context path ''
2020-11-18 11:00:19.337  INFO 36994 --- [restartedMain] corn.ironman.jay.JayApplication          : Started JayApplication in 2.011 seconds (JVM running for 2.477)
2020-11-18 11:00:26.801  INFO 36994 --- [Thread-5] o.s.s.concurrent.ThreadPoolTaskExecutor  : Shutting down ExecutorService 'applicationTaskExecutor'
2020-11-18 11:00:26.802  INFO 36994 --- [Thread-5] com.alibaba.druid.pool.DruidDataSource   : {dataSource-0} closing ...
2020-11-18 11:00:28.035  INFO 36994 --- [restartedMain] corn.ironman.jay.JayApplication          : Starting JayApplication on ironmans-MBP.lan with PID 36994 (/Users/xx/IdeaProjects/jay/target/classes started by xx in /Users/xx/IdeaProjects/jay)
2020-11-18 11:00:28.036 DEBUG 36994 --- [restartedMain] corn.ironman.jay.JayApplication          : Running with Spring Boot v2.1.6.RELEASE, Spring v5.1.8.RELEASE
2020-11-18 11:00:28.036  INFO 36994 --- [restartedMain] corn.ironman.jay.JayApplication          : No active profile set, falling back to default profiles: default
2020-11-18 11:00:28.294  INFO 36994 --- [restartedMain] o.s.b.w.embedded.tomcat.TomcatWebServer  : Tomcat initialized with port(s): 8080 (http)
2020-11-18 11:00:28.295  INFO 36994 --- [restartedMain] o.apache.catalina.core.StandardService   : Starting service [Tomcat]
2020-11-18 11:00:28.296  INFO 36994 --- [restartedMain] org.apache.catalina.core.StandardEngine  : Starting Servlet engine: [Apache Tomcat/9.0.21]
2020-11-18 11:00:28.311  INFO 36994 --- [restartedMain] o.a.c.c.C.[Tomcat].[localhost].[/]       : Initializing Spring embedded WebApplicationContext
2020-11-18 11:00:28.311  INFO 36994 --- [restartedMain] o.s.web.context.ContextLoader            : Root WebApplicationContext: initialization completed in 273 ms
2020-11-18 11:00:28.329  INFO 36994 --- [restartedMain] f.a.AutowiredAnnotationBeanPostProcessor : Autowired annotation should only be used on methods with parameters: public void corn.ironman.jay.Service.impl.FriendServiceImpl.setBaseMapper()
2020-11-18 11:00:28.449  INFO 36994 --- [restartedMain] o.s.s.concurrent.ThreadPoolTaskExecutor  : Initializing ExecutorService 'applicationTaskExecutor'
2020-11-18 11:00:28.509  INFO 36994 --- [restartedMain] o.s.b.d.a.OptionalLiveReloadServer       : LiveReload server is running on port 35729
2020-11-18 11:00:28.525  INFO 36994 --- [restartedMain] o.s.b.w.embedded.tomcat.TomcatWebServer  : Tomcat started on port(s): 8080 (http) with context path ''
2020-11-18 11:00:28.526  INFO 36994 --- [restartedMain] corn.ironman.jay.JayApplication          : Started JayApplication in 0.517 seconds (JVM running for 11.666)
2020-11-18 11:00:28.528  INFO 36994 --- [restartedMain] .ConditionEvaluationDeltaLoggingListener : Condition evaluation unchanged
2020-11-18 11:00:51.268  INFO 36994 --- [Thread-9] o.s.s.concurrent.ThreadPoolTaskExecutor  : Shutting down ExecutorService 'applicationTaskExecutor'
2020-11-18 11:00:51.269  INFO 36994 --- [Thread-9] com.alibaba.druid.pool.DruidDataSource   : {dataSource-0} closing ...
2020-11-18 11:00:52.465  INFO 36994 --- [restartedMain] corn.ironman.jay.JayApplication          : Starting JayApplication on ironmans-MBP.lan with PID 36994 (/Users/xx/IdeaProjects/jay/target/classes started by xx in /Users/xx/IdeaProjects/jay)
2020-11-18 11:00:52.465 DEBUG 36994 --- [restartedMain] corn.ironman.jay.JayApplication          : Running with Spring Boot v2.1.6.RELEASE, Spring v5.1.8.RELEASE
2020-11-18 11:00:52.465  INFO 36994 --- [restartedMain] corn.ironman.jay.JayApplication          : No active profile set, falling back to default profiles: default
2020-11-18 11:00:52.611  INFO 36994 --- [restartedMain] o.s.b.w.embedded.tomcat.TomcatWebServer  : Tomcat initialized with port(s): 8080 (http)
2020-11-18 11:00:52.612  INFO 36994 --- [restartedMain] o.apache.catalina.core.StandardService   : Starting service [Tomcat]
2020-11-18 11:00:52.612  INFO 36994 --- [restartedMain] org.apache.catalina.core.StandardEngine  : Starting Servlet engine: [Apache Tomcat/9.0.21]
2020-11-18 11:00:52.620  INFO 36994 --- [restartedMain] o.a.c.c.C.[Tomcat].[localhost].[/]       : Initializing Spring embedded WebApplicationContext
2020-11-18 11:00:52.620  INFO 36994 --- [restartedMain] o.s.web.context.ContextLoader            : Root WebApplicationContext: initialization completed in 154 ms
2020-11-18 11:00:52.630  INFO 36994 --- [restartedMain] f.a.AutowiredAnnotationBeanPostProcessor : Autowired annotation should only be used on methods with parameters: public void corn.ironman.jay.Service.impl.FriendServiceImpl.setBaseMapper()
2020-11-18 11:00:52.716  INFO 36994 --- [restartedMain] o.s.s.concurrent.ThreadPoolTaskExecutor  : Initializing ExecutorService 'applicationTaskExecutor'
2020-11-18 11:00:52.786  INFO 36994 --- [restartedMain] o.s.b.d.a.OptionalLiveReloadServer       : LiveReload server is running on port 35729
2020-11-18 11:00:52.803  INFO 36994 --- [restartedMain] o.s.b.w.embedded.tomcat.TomcatWebServer  : Tomcat started on port(s): 8080 (http) with context path ''
2020-11-18 11:00:52.803  INFO 36994 --- [restartedMain] corn.ironman.jay.JayApplication          : Started JayApplication in 0.359 seconds (JVM running for 35.943)
2020-11-18 11:00:52.805  INFO 36994 --- [restartedMain] .ConditionEvaluationDeltaLoggingListener : Condition evaluation unchanged
2020-11-18 11:01:10.434  INFO 36994 --- [Thread-15] o.s.s.concurrent.ThreadPoolTaskExecutor  : Shutting down ExecutorService 'applicationTaskExecutor'
2020-11-18 11:01:10.435  INFO 36994 --- [Thread-15] com.alibaba.druid.pool.DruidDataSource   : {dataSource-0} closing ...
2020-11-18 11:01:11.639  INFO 36994 --- [restartedMain] corn.ironman.jay.JayApplication          : Starting JayApplication on ironmans-MBP.lan with PID 36994 (/Users/xx/IdeaProjects/jay/target/classes started by xx in /Users/xx/IdeaProjects/jay)
2020-11-18 11:01:11.639 DEBUG 36994 --- [restartedMain] corn.ironman.jay.JayApplication          : Running with Spring Boot v2.1.6.RELEASE, Spring v5.1.8.RELEASE
2020-11-18 11:01:11.639  INFO 36994 --- [restartedMain] corn.ironman.jay.JayApplication          : No active profile set, falling back to default profiles: default
2020-11-18 11:01:11.781  INFO 36994 --- [restartedMain] o.s.b.w.embedded.tomcat.TomcatWebServer  : Tomcat initialized with port(s): 8080 (http)
2020-11-18 11:01:11.782  INFO 36994 --- [restartedMain] o.apache.catalina.core.StandardService   : Starting service [Tomcat]
2020-11-18 11:01:11.782  INFO 36994 --- [restartedMain] org.apache.catalina.core.StandardEngine  : Starting Servlet engine: [Apache Tomcat/9.0.21]
2020-11-18 11:01:11.790  INFO 36994 --- [restartedMain] o.a.c.c.C.[Tomcat].[localhost].[/]       : Initializing Spring embedded WebApplicationContext
2020-11-18 11:01:11.790  INFO 36994 --- [restartedMain] o.s.web.context.ContextLoader            : Root WebApplicationContext: initialization completed in 150 ms
2020-11-18 11:01:11.802  INFO 36994 --- [restartedMain] f.a.AutowiredAnnotationBeanPostProcessor : Autowired annotation should only be used on methods with parameters: public void corn.ironman.jay.Service.impl.FriendServiceImpl.setBaseMapper()
2020-11-18 11:01:11.876  INFO 36994 --- [restartedMain] o.s.s.concurrent.ThreadPoolTaskExecutor  : Initializing ExecutorService 'applicationTaskExecutor'
2020-11-18 11:01:11.942  INFO 36994 --- [restartedMain] o.s.b.d.a.OptionalLiveReloadServer       : LiveReload server is running on port 35729
2020-11-18 11:01:11.959  INFO 36994 --- [restartedMain] o.s.b.w.embedded.tomcat.TomcatWebServer  : Tomcat started on port(s): 8080 (http) with context path ''
2020-11-18 11:01:11.959  INFO 36994 --- [restartedMain] corn.ironman.jay.JayApplication          : Started JayApplication in 0.338 seconds (JVM running for 55.099)
2020-11-18 11:01:11.961  INFO 36994 --- [restartedMain] .ConditionEvaluationDeltaLoggingListener : Condition evaluation unchanged
2020-11-18 11:01:18.927  INFO 36994 --- [http-nio-8080-exec-1] o.a.c.c.C.[Tomcat].[localhost].[/]       : Initializing Spring DispatcherServlet 'dispatcherServlet'
2020-11-18 11:01:18.927  INFO 36994 --- [http-nio-8080-exec-1] o.s.web.servlet.DispatcherServlet        : Initializing Servlet 'dispatcherServlet'
2020-11-18 11:01:18.933  INFO 36994 --- [http-nio-8080-exec-1] o.s.web.servlet.DispatcherServlet        : Completed initialization in 6 ms
2020-11-18 11:01:20.860  INFO 36994 --- [http-nio-8080-exec-5] com.alibaba.druid.pool.DruidDataSource   : {dataSource-1} inited
2020-11-18 11:01:21.004 DEBUG 36994 --- [http-nio-8080-exec-5] c.i.j.d.F.selectBySelective_COUNT        : ==>  Preparing: SELECT count(0) FROM FRIEND 
2020-11-18 11:01:21.023 DEBUG 36994 --- [http-nio-8080-exec-5] c.i.j.d.F.selectBySelective_COUNT        : ==> Parameters: 
2020-11-18 11:01:21.040 DEBUG 36994 --- [http-nio-8080-exec-5] c.i.j.d.F.selectBySelective_COUNT        : <==      Total: 1
2020-11-18 11:01:21.043 DEBUG 36994 --- [http-nio-8080-exec-5] c.i.j.d.FriendMapper.selectBySelective   : ==>  Preparing: select * from FRIEND LIMIT ? 
2020-11-18 11:01:21.044 DEBUG 36994 --- [http-nio-8080-exec-5] c.i.j.d.FriendMapper.selectBySelective   : ==> Parameters: 10(Integer)
2020-11-18 11:01:21.047 DEBUG 36994 --- [http-nio-8080-exec-5] c.i.j.d.FriendMapper.selectBySelective   : <==      Total: 4
2020-11-18 11:01:26.501  INFO 36994 --- [Thread-26] o.s.s.concurrent.ThreadPoolTaskExecutor  : Shutting down ExecutorService 'applicationTaskExecutor'
2020-11-18 11:01:26.502  INFO 36994 --- [Thread-26] com.alibaba.druid.pool.DruidDataSource   : {dataSource-1} closing ...
2020-11-18 11:01:26.504  INFO 36994 --- [Thread-26] com.alibaba.druid.pool.DruidDataSource   : {dataSource-1} closed
2020-11-18 11:01:30.457  INFO 37096 --- [restartedMain] corn.ironman.jay.JayApplication          : Starting JayApplication on ironmans-MBP.lan with PID 37096 (/Users/xx/IdeaProjects/jay/target/classes started by xx in /Users/xx/IdeaProjects/jay)
2020-11-18 11:01:30.458 DEBUG 37096 --- [restartedMain] corn.ironman.jay.JayApplication          : Running with Spring Boot v2.1.6.RELEASE, Spring v5.1.8.RELEASE
2020-11-18 11:01:30.459  INFO 37096 --- [restartedMain] corn.ironman.jay.JayApplication          : No active profile set, falling back to default profiles: default
2020-11-18 11:01:30.485  INFO 37096 --- [restartedMain] .e.DevToolsPropertyDefaultsPostProcessor : Devtools property defaults active! Set 'spring.devtools.add-properties' to 'false' to disable
2020-11-18 11:01:30.486  INFO 37096 --- [restartedMain] .e.DevToolsPropertyDefaultsPostProcessor : For additional web related logging consider setting the 'logging.level.web' property to 'DEBUG'
2020-11-18 11:01:31.143  INFO 37096 --- [restartedMain] o.s.b.w.embedded.tomcat.TomcatWebServer  : Tomcat initialized with port(s): 8080 (http)
2020-11-18 11:01:31.157  INFO 37096 --- [restartedMain] o.apache.catalina.core.StandardService   : Starting service [Tomcat]
2020-11-18 11:01:31.157  INFO 37096 --- [restartedMain] org.apache.catalina.core.StandardEngine  : Starting Servlet engine: [Apache Tomcat/9.0.21]
2020-11-18 11:01:31.203  INFO 37096 --- [restartedMain] o.a.c.c.C.[Tomcat].[localhost].[/]       : Initializing Spring embedded WebApplicationContext
2020-11-18 11:01:31.204  INFO 37096 --- [restartedMain] o.s.web.context.ContextLoader            : Root WebApplicationContext: initialization completed in 718 ms
2020-11-18 11:01:31.233  INFO 37096 --- [restartedMain] f.a.AutowiredAnnotationBeanPostProcessor : Autowired annotation should only be used on methods with parameters: public void corn.ironman.jay.Service.impl.FriendServiceImpl.setBaseMapper()
2020-11-18 11:01:31.569  INFO 37096 --- [restartedMain] o.s.s.concurrent.ThreadPoolTaskExecutor  : Initializing ExecutorService 'applicationTaskExecutor'
2020-11-18 11:01:31.821  INFO 37096 --- [restartedMain] o.s.b.d.a.OptionalLiveReloadServer       : LiveReload server is running on port 35729
2020-11-18 11:01:31.879  INFO 37096 --- [restartedMain] o.s.b.w.embedded.tomcat.TomcatWebServer  : Tomcat started on port(s): 8080 (http) with context path ''
2020-11-18 11:01:31.884  INFO 37096 --- [restartedMain] corn.ironman.jay.JayApplication          : Started JayApplication in 1.58 seconds (JVM running for 2.01)
2020-11-18 11:01:37.299  INFO 37096 --- [Thread-5] o.s.s.concurrent.ThreadPoolTaskExecutor  : Shutting down ExecutorService 'applicationTaskExecutor'
2020-11-18 11:01:37.299  INFO 37096 --- [Thread-5] com.alibaba.druid.pool.DruidDataSource   : {dataSource-0} closing ...
2020-11-18 11:01:38.534  INFO 37096 --- [restartedMain] corn.ironman.jay.JayApplication          : Starting JayApplication on ironmans-MBP.lan with PID 37096 (/Users/xx/IdeaProjects/jay/target/classes started by xx in /Users/xx/IdeaProjects/jay)
2020-11-18 11:01:38.534 DEBUG 37096 --- [restartedMain] corn.ironman.jay.JayApplication          : Running with Spring Boot v2.1.6.RELEASE, Spring v5.1.8.RELEASE
2020-11-18 11:01:38.534  INFO 37096 --- [restartedMain] corn.ironman.jay.JayApplication          : No active profile set, falling back to default profiles: default
2020-11-18 11:01:38.731  INFO 37096 --- [restartedMain] o.s.b.w.embedded.tomcat.TomcatWebServer  : Tomcat initialized with port(s): 8080 (http)
2020-11-18 11:01:38.733  INFO 37096 --- [restartedMain] o.apache.catalina.core.StandardService   : Starting service [Tomcat]
2020-11-18 11:01:38.733  INFO 37096 --- [restartedMain] org.apache.catalina.core.StandardEngine  : Starting Servlet engine: [Apache Tomcat/9.0.21]
2020-11-18 11:01:38.743  INFO 37096 --- [restartedMain] o.a.c.c.C.[Tomcat].[localhost].[/]       : Initializing Spring embedded WebApplicationContext
2020-11-18 11:01:38.743  INFO 37096 --- [restartedMain] o.s.web.context.ContextLoader            : Root WebApplicationContext: initialization completed in 208 ms
2020-11-18 11:01:38.757  INFO 37096 --- [restartedMain] f.a.AutowiredAnnotationBeanPostProcessor : Autowired annotation should only be used on methods with parameters: public void corn.ironman.jay.Service.impl.FriendServiceImpl.setBaseMapper()
2020-11-18 11:01:38.859  INFO 37096 --- [restartedMain] o.s.s.concurrent.ThreadPoolTaskExecutor  : Initializing ExecutorService 'applicationTaskExecutor'
2020-11-18 11:01:38.913  INFO 37096 --- [restartedMain] o.s.b.d.a.OptionalLiveReloadServer       : LiveReload server is running on port 35729
2020-11-18 11:01:38.928  INFO 37096 --- [restartedMain] o.s.b.w.embedded.tomcat.TomcatWebServer  : Tomcat started on port(s): 8080 (http) with context path ''
2020-11-18 11:01:38.929  INFO 37096 --- [restartedMain] corn.ironman.jay.JayApplication          : Started JayApplication in 0.431 seconds (JVM running for 9.055)
2020-11-18 11:01:38.930  INFO 37096 --- [restartedMain] .ConditionEvaluationDeltaLoggingListener : Condition evaluation unchanged
2020-11-18 11:03:15.980  INFO 37096 --- [Thread-14] o.s.s.concurrent.ThreadPoolTaskExecutor  : Shutting down ExecutorService 'applicationTaskExecutor'
2020-11-18 11:03:15.981  INFO 37096 --- [Thread-14] com.alibaba.druid.pool.DruidDataSource   : {dataSource-0} closing ...
2020-11-18 13:47:53.414  INFO 38951 --- [restartedMain] corn.ironman.jay.JayApplication          : Starting JayApplication on ironmans-MBP.lan with PID 38951 (/Users/xx/IdeaProjects/jay/target/classes started by xx in /Users/xx/IdeaProjects/jay)
2020-11-18 13:47:53.417 DEBUG 38951 --- [restartedMain] corn.ironman.jay.JayApplication          : Running with Spring Boot v2.1.6.RELEASE, Spring v5.1.8.RELEASE
2020-11-18 13:47:53.417  INFO 38951 --- [restartedMain] corn.ironman.jay.JayApplication          : No active profile set, falling back to default profiles: default
2020-11-18 13:47:53.450  INFO 38951 --- [restartedMain] .e.DevToolsPropertyDefaultsPostProcessor : Devtools property defaults active! Set 'spring.devtools.add-properties' to 'false' to disable
2020-11-18 13:47:53.450  INFO 38951 --- [restartedMain] .e.DevToolsPropertyDefaultsPostProcessor : For additional web related logging consider setting the 'logging.level.web' property to 'DEBUG'
2020-11-18 13:47:54.453  INFO 38951 --- [restartedMain] o.s.b.w.embedded.tomcat.TomcatWebServer  : Tomcat initialized with port(s): 8080 (http)
2020-11-18 13:47:54.472  INFO 38951 --- [restartedMain] o.apache.catalina.core.StandardService   : Starting service [Tomcat]
2020-11-18 13:47:54.473  INFO 38951 --- [restartedMain] org.apache.catalina.core.StandardEngine  : Starting Servlet engine: [Apache Tomcat/9.0.21]
2020-11-18 13:47:54.538  INFO 38951 --- [restartedMain] o.a.c.c.C.[Tomcat].[localhost].[/]       : Initializing Spring embedded WebApplicationContext
2020-11-18 13:47:54.538  INFO 38951 --- [restartedMain] o.s.web.context.ContextLoader            : Root WebApplicationContext: initialization completed in 1088 ms
2020-11-18 13:47:54.579  INFO 38951 --- [restartedMain] f.a.AutowiredAnnotationBeanPostProcessor : Autowired annotation should only be used on methods with parameters: public void corn.ironman.jay.Service.impl.FriendServiceImpl.setBaseMapper()
2020-11-18 13:47:54.923  INFO 38951 --- [restartedMain] o.s.s.concurrent.ThreadPoolTaskExecutor  : Initializing ExecutorService 'applicationTaskExecutor'
2020-11-18 13:47:55.146  INFO 38951 --- [restartedMain] o.s.b.d.a.OptionalLiveReloadServer       : LiveReload server is running on port 35729
2020-11-18 13:47:55.191  INFO 38951 --- [restartedMain] o.s.b.w.embedded.tomcat.TomcatWebServer  : Tomcat started on port(s): 8080 (http) with context path ''
2020-11-18 13:47:55.194  INFO 38951 --- [restartedMain] corn.ironman.jay.JayApplication          : Started JayApplication in 1.979 seconds (JVM running for 2.63)
2020-11-18 13:48:00.864  INFO 38951 --- [http-nio-8080-exec-1] o.a.c.c.C.[Tomcat].[localhost].[/]       : Initializing Spring DispatcherServlet 'dispatcherServlet'
2020-11-18 13:48:00.865  INFO 38951 --- [http-nio-8080-exec-1] o.s.web.servlet.DispatcherServlet        : Initializing Servlet 'dispatcherServlet'
2020-11-18 13:48:00.872  INFO 38951 --- [http-nio-8080-exec-1] o.s.web.servlet.DispatcherServlet        : Completed initialization in 7 ms
2020-11-18 13:48:03.074  INFO 38951 --- [http-nio-8080-exec-4] com.alibaba.druid.pool.DruidDataSource   : {dataSource-1} inited
2020-11-18 13:48:03.221 DEBUG 38951 --- [http-nio-8080-exec-4] c.i.j.d.F.selectBySelective_COUNT        : ==>  Preparing: SELECT count(0) FROM FRIEND 
2020-11-18 13:48:03.241 DEBUG 38951 --- [http-nio-8080-exec-4] c.i.j.d.F.selectBySelective_COUNT        : ==> Parameters: 
2020-11-18 13:48:03.257 DEBUG 38951 --- [http-nio-8080-exec-4] c.i.j.d.F.selectBySelective_COUNT        : <==      Total: 1
2020-11-18 13:48:03.261 DEBUG 38951 --- [http-nio-8080-exec-4] c.i.j.d.FriendMapper.selectBySelective   : ==>  Preparing: select * from FRIEND LIMIT ? 
2020-11-18 13:48:03.262 DEBUG 38951 --- [http-nio-8080-exec-4] c.i.j.d.FriendMapper.selectBySelective   : ==> Parameters: 10(Integer)
2020-11-18 13:48:03.266 DEBUG 38951 --- [http-nio-8080-exec-4] c.i.j.d.FriendMapper.selectBySelective   : <==      Total: 4
2020-11-18 13:48:08.319 DEBUG 38951 --- [http-nio-8080-exec-8] c.i.j.d.F.selectBySelective_COUNT        : ==>  Preparing: SELECT count(0) FROM FRIEND 
2020-11-18 13:48:08.320 DEBUG 38951 --- [http-nio-8080-exec-8] c.i.j.d.F.selectBySelective_COUNT        : ==> Parameters: 
2020-11-18 13:48:08.321 DEBUG 38951 --- [http-nio-8080-exec-8] c.i.j.d.F.selectBySelective_COUNT        : <==      Total: 1
2020-11-18 13:48:08.322 DEBUG 38951 --- [http-nio-8080-exec-8] c.i.j.d.FriendMapper.selectBySelective   : ==>  Preparing: select * from FRIEND LIMIT ? 
2020-11-18 13:48:08.322 DEBUG 38951 --- [http-nio-8080-exec-8] c.i.j.d.FriendMapper.selectBySelective   : ==> Parameters: 10(Integer)
2020-11-18 13:48:08.324 DEBUG 38951 --- [http-nio-8080-exec-8] c.i.j.d.FriendMapper.selectBySelective   : <==      Total: 4
2020-11-18 14:44:40.379  INFO 38951 --- [Thread-8] o.s.s.concurrent.ThreadPoolTaskExecutor  : Shutting down ExecutorService 'applicationTaskExecutor'
2020-11-18 14:44:40.380  INFO 38951 --- [Thread-8] com.alibaba.druid.pool.DruidDataSource   : {dataSource-1} closing ...
2020-11-18 14:44:40.382  INFO 38951 --- [Thread-8] com.alibaba.druid.pool.DruidDataSource   : {dataSource-1} closed
